# JRE version: OpenJDK Runtime Environment Temurin-21.0.8+9 (21.0.8+9) (build 21.0.8+9-LTS)
# Java VM: OpenJDK 64-Bit Server VM Temurin-21.0.8+9 (21.0.8+9-LTS, mixed mode, sharing, tiered, compressed oops, compressed class ptrs, parallel gc, windows-amd64)
GC Precious Log:
 CardTable entry size: 512
 CPUs: 12 total, 12 available
 Memory: 32676M
 Large Page Support: Disabled
 NUMA Support: Disabled
 Compressed Oops: Enabled (32-bit)
 Alignments: Space 512K, Generation 512K, Heap 2M
 Heap Min Capacity: 100M
 Heap Initial Capacity: 100M
 Heap Max Capacity: 2G
 Pre-touch: Disabled
 Parallel Workers: 10
Heap:
 PSYoungGen      total 9216K, used 8529K [0x00000000d5580000, 0x00000000d6080000, 0x0000000100000000)
  eden space 8192K, 91% used [0x00000000d5580000,0x00000000d5cd5bc0,0x00000000d5d80000)
  from space 1024K, 99% used [0x00000000d5f80000,0x00000000d607eb20,0x00000000d6080000)
  to   space 1536K, 0% used [0x00000000d5d80000,0x00000000d5d80000,0x00000000d5f00000)
 ParOldGen       total 376320K, used 375819K [0x0000000080000000, 0x0000000096f80000, 0x00000000d5580000)
  object space 376320K, 99% used [0x0000000080000000,0x0000000096f02ea0,0x0000000096f80000)
 Metaspace       used 102434K, committed 104192K, reserved 1179648K
  class space    used 9838K, committed 10688K, reserved 1048576K
GC Heap History (20 events):
Event: 106528.746 GC heap before
{Heap before GC invocations=18022 (full 12):
 PSYoungGen      total 8704K, used 8680K [0x00000000d5580000, 0x00000000d6300000, 0x0000000100000000)
  eden space 8192K, 100% used [0x00000000d5580000,0x00000000d5d80000,0x00000000d5d80000)
  from space 512K, 95% used [0x00000000d6280000,0x00000000d62fa278,0x00000000d6300000)
  to   space 1536K, 0% used [0x00000000d6000000,0x00000000d6000000,0x00000000d6180000)
 ParOldGen       total 370688K, used 370635K [0x0000000080000000, 0x0000000096a00000, 0x00000000d5580000)
  object space 370688K, 99% used [0x0000000080000000,0x00000000969f2ce8,0x0000000096a00000)
 Metaspace       used 102421K, committed 104192K, reserved 1179648K
  class space    used 9836K, committed 10688K, reserved 1048576K
}
Event: 106528.747 GC heap after
{Heap after GC invocations=18022 (full 12):
 PSYoungGen      total 9728K, used 647K [0x00000000d5580000, 0x00000000d6300000, 0x0000000100000000)
  eden space 8192K, 0% used [0x00000000d5580000,0x00000000d5580000,0x00000000d5d80000)
  from space 1536K, 42% used [0x00000000d6000000,0x00000000d60a1f48,0x00000000d6180000)
  to   space 1024K, 0% used [0x00000000d6200000,0x00000000d6200000,0x00000000d6300000)
 ParOldGen       total 371200K, used 371057K [0x0000000080000000, 0x0000000096a80000, 0x00000000d5580000)
  object space 371200K, 99% used [0x0000000080000000,0x0000000096a5c6e0,0x0000000096a80000)
 Metaspace       used 102421K, committed 104192K, reserved 1179648K
  class space    used 9836K, committed 10688K, reserved 1048576K
}
Event: 107443.973 GC heap before
{Heap before GC invocations=18023 (full 12):
 PSYoungGen      total 9728K, used 8839K [0x00000000d5580000, 0x00000000d6300000, 0x0000000100000000)
  eden space 8192K, 100% used [0x00000000d5580000,0x00000000d5d80000,0x00000000d5d80000)
  from space 1536K, 42% used [0x00000000d6000000,0x00000000d60a1f48,0x00000000d6180000)
  to   space 1024K, 0% used [0x00000000d6200000,0x00000000d6200000,0x00000000d6300000)
 ParOldGen       total 371200K, used 371057K [0x0000000080000000, 0x0000000096a80000, 0x00000000d5580000)
  object space 371200K, 99% used [0x0000000080000000,0x0000000096a5c6e0,0x0000000096a80000)
 Metaspace       used 102421K, committed 104192K, reserved 1179648K
  class space    used 9836K, committed 10688K, reserved 1048576K
}
Event: 107443.976 GC heap after
{Heap after GC invocations=18023 (full 12):
 PSYoungGen      total 9216K, used 994K [0x00000000d5580000, 0x00000000d6300000, 0x0000000100000000)
  eden space 8192K, 0% used [0x00000000d5580000,0x00000000d5580000,0x00000000d5d80000)
  from space 1024K, 97% used [0x00000000d6200000,0x00000000d62f8b10,0x00000000d6300000)
  to   space 1536K, 0% used [0x00000000d6000000,0x00000000d6000000,0x00000000d6180000)
 ParOldGen       total 371712K, used 371441K [0x0000000080000000, 0x0000000096b00000, 0x00000000d5580000)
  object space 371712K, 99% used [0x0000000080000000,0x0000000096abc408,0x0000000096b00000)
 Metaspace       used 102421K, committed 104192K, reserved 1179648K
  class space    used 9836K, committed 10688K, reserved 1048576K
}
Event: 107719.573 GC heap before
{Heap before GC invocations=18024 (full 12):
 PSYoungGen      total 9216K, used 9186K [0x00000000d5580000, 0x00000000d6300000, 0x0000000100000000)
  eden space 8192K, 100% used [0x00000000d5580000,0x00000000d5d80000,0x00000000d5d80000)
  from space 1024K, 97% used [0x00000000d6200000,0x00000000d62f8b10,0x00000000d6300000)
  to   space 1536K, 0% used [0x00000000d6000000,0x00000000d6000000,0x00000000d6180000)
 ParOldGen       total 371712K, used 371441K [0x0000000080000000, 0x0000000096b00000, 0x00000000d5580000)
  object space 371712K, 99% used [0x0000000080000000,0x0000000096abc408,0x0000000096b00000)
 Metaspace       used 102421K, committed 104192K, reserved 1179648K
  class space    used 9836K, committed 10688K, reserved 1048576K
}
Event: 107719.575 GC heap after
{Heap after GC invocations=18024 (full 12):
 PSYoungGen      total 9728K, used 416K [0x00000000d5580000, 0x00000000d6280000, 0x0000000100000000)
  eden space 8192K, 0% used [0x00000000d5580000,0x00000000d5580000,0x00000000d5d80000)
  from space 1536K, 27% used [0x00000000d6000000,0x00000000d6068020,0x00000000d6180000)
  to   space 1024K, 0% used [0x00000000d6180000,0x00000000d6180000,0x00000000d6280000)
 ParOldGen       total 372224K, used 372012K [0x0000000080000000, 0x0000000096b80000, 0x00000000d5580000)
  object space 372224K, 99% used [0x0000000080000000,0x0000000096b4b218,0x0000000096b80000)
 Metaspace       used 102421K, committed 104192K, reserved 1179648K
  class space    used 9836K, committed 10688K, reserved 1048576K
}
Event: 107785.564 GC heap before
{Heap before GC invocations=18025 (full 12):
 PSYoungGen      total 9728K, used 8530K [0x00000000d5580000, 0x00000000d6280000, 0x0000000100000000)
  eden space 8192K, 99% used [0x00000000d5580000,0x00000000d5d6c8c0,0x00000000d5d80000)
  from space 1536K, 27% used [0x00000000d6000000,0x00000000d6068020,0x00000000d6180000)
  to   space 1024K, 0% used [0x00000000d6180000,0x00000000d6180000,0x00000000d6280000)
 ParOldGen       total 372224K, used 372012K [0x0000000080000000, 0x0000000096b80000, 0x00000000d5580000)
  object space 372224K, 99% used [0x0000000080000000,0x0000000096b4b218,0x0000000096b80000)
 Metaspace       used 102422K, committed 104192K, reserved 1179648K
  class space    used 9836K, committed 10688K, reserved 1048576K
}
Event: 107785.565 GC heap after
{Heap after GC invocations=18025 (full 12):
 PSYoungGen      total 9216K, used 976K [0x00000000d5580000, 0x00000000d6280000, 0x0000000100000000)
  eden space 8192K, 0% used [0x00000000d5580000,0x00000000d5580000,0x00000000d5d80000)
  from space 1024K, 95% used [0x00000000d6180000,0x00000000d6274310,0x00000000d6280000)
  to   space 1536K, 0% used [0x00000000d5f80000,0x00000000d5f80000,0x00000000d6100000)
 ParOldGen       total 372224K, used 372052K [0x0000000080000000, 0x0000000096b80000, 0x00000000d5580000)
  object space 372224K, 99% used [0x0000000080000000,0x0000000096b55218,0x0000000096b80000)
 Metaspace       used 102422K, committed 104192K, reserved 1179648K
  class space    used 9836K, committed 10688K, reserved 1048576K
}
Event: 107785.586 GC heap before
{Heap before GC invocations=18026 (full 12):
 PSYoungGen      total 9216K, used 8580K [0x00000000d5580000, 0x00000000d6280000, 0x0000000100000000)
  eden space 8192K, 92% used [0x00000000d5580000,0x00000000d5cece30,0x00000000d5d80000)
  from space 1024K, 95% used [0x00000000d6180000,0x00000000d6274310,0x00000000d6280000)
  to   space 1536K, 0% used [0x00000000d5f80000,0x00000000d5f80000,0x00000000d6100000)
 ParOldGen       total 372224K, used 372052K [0x0000000080000000, 0x0000000096b80000, 0x00000000d5580000)
  object space 372224K, 99% used [0x0000000080000000,0x0000000096b55218,0x0000000096b80000)
 Metaspace       used 102422K, committed 104192K, reserved 1179648K
  class space    used 9836K, committed 10688K, reserved 1048576K
}
Event: 107785.588 GC heap after
{Heap after GC invocations=18026 (full 12):
 PSYoungGen      total 9728K, used 448K [0x00000000d5580000, 0x00000000d6200000, 0x0000000100000000)
  eden space 8192K, 0% used [0x00000000d5580000,0x00000000d5580000,0x00000000d5d80000)
  from space 1536K, 29% used [0x00000000d5f80000,0x00000000d5ff0000,0x00000000d6100000)
  to   space 1024K, 0% used [0x00000000d6100000,0x00000000d6100000,0x00000000d6200000)
 ParOldGen       total 372736K, used 372640K [0x0000000080000000, 0x0000000096c00000, 0x00000000d5580000)
  object space 372736K, 99% used [0x0000000080000000,0x0000000096be8250,0x0000000096c00000)
 Metaspace       used 102422K, committed 104192K, reserved 1179648K
  class space    used 9836K, committed 10688K, reserved 1048576K
}
Event: 107860.765 GC heap before
{Heap before GC invocations=18027 (full 12):
 PSYoungGen      total 9728K, used 8640K [0x00000000d5580000, 0x00000000d6200000, 0x0000000100000000)
  eden space 8192K, 100% used [0x00000000d5580000,0x00000000d5d80000,0x00000000d5d80000)
  from space 1536K, 29% used [0x00000000d5f80000,0x00000000d5ff0000,0x00000000d6100000)
  to   space 1024K, 0% used [0x00000000d6100000,0x00000000d6100000,0x00000000d6200000)
 ParOldGen       total 372736K, used 372640K [0x0000000080000000, 0x0000000096c00000, 0x00000000d5580000)
  object space 372736K, 99% used [0x0000000080000000,0x0000000096be8250,0x0000000096c00000)
 Metaspace       used 102422K, committed 104192K, reserved 1179648K
  class space    used 9836K, committed 10688K, reserved 1048576K
}
Event: 107860.769 GC heap after
{Heap after GC invocations=18027 (full 12):
 PSYoungGen      total 9216K, used 992K [0x00000000d5580000, 0x00000000d6480000, 0x0000000100000000)
  eden space 8192K, 0% used [0x00000000d5580000,0x00000000d5580000,0x00000000d5d80000)
  from space 1024K, 96% used [0x00000000d6100000,0x00000000d61f8398,0x00000000d6200000)
  to   space 3584K, 0% used [0x00000000d5d80000,0x00000000d5d80000,0x00000000d6100000)
 ParOldGen       total 374784K, used 374635K [0x0000000080000000, 0x0000000096e00000, 0x00000000d5580000)
  object space 374784K, 99% used [0x0000000080000000,0x0000000096ddad70,0x0000000096e00000)
 Metaspace       used 102422K, committed 104192K, reserved 1179648K
  class space    used 9836K, committed 10688K, reserved 1048576K
}
Event: 108534.963 GC heap before
{Heap before GC invocations=18028 (full 12):
 PSYoungGen      total 9216K, used 9184K [0x00000000d5580000, 0x00000000d6480000, 0x0000000100000000)
  eden space 8192K, 100% used [0x00000000d5580000,0x00000000d5d80000,0x00000000d5d80000)
  from space 1024K, 96% used [0x00000000d6100000,0x00000000d61f8398,0x00000000d6200000)
  to   space 3584K, 0% used [0x00000000d5d80000,0x00000000d5d80000,0x00000000d6100000)
 ParOldGen       total 374784K, used 374635K [0x0000000080000000, 0x0000000096e00000, 0x00000000d5580000)
  object space 374784K, 99% used [0x0000000080000000,0x0000000096ddad70,0x0000000096e00000)
 Metaspace       used 102422K, committed 104192K, reserved 1179648K
  class space    used 9836K, committed 10688K, reserved 1048576K
}
Event: 108534.966 GC heap after
{Heap after GC invocations=18028 (full 12):
 PSYoungGen      total 10752K, used 2145K [0x00000000d5580000, 0x00000000d6280000, 0x0000000100000000)
  eden space 8192K, 0% used [0x00000000d5580000,0x00000000d5580000,0x00000000d5d80000)
  from space 2560K, 83% used [0x00000000d5d80000,0x00000000d5f98710,0x00000000d6000000)
  to   space 2560K, 0% used [0x00000000d6000000,0x00000000d6000000,0x00000000d6280000)
 ParOldGen       total 375296K, used 375099K [0x0000000080000000, 0x0000000096e80000, 0x00000000d5580000)
  object space 375296K, 99% used [0x0000000080000000,0x0000000096e4ee80,0x0000000096e80000)
 Metaspace       used 102422K, committed 104192K, reserved 1179648K
  class space    used 9836K, committed 10688K, reserved 1048576K
}
Event: 108534.984 GC heap before
{Heap before GC invocations=18029 (full 12):
 PSYoungGen      total 10752K, used 10337K [0x00000000d5580000, 0x00000000d6280000, 0x0000000100000000)
  eden space 8192K, 100% used [0x00000000d5580000,0x00000000d5d80000,0x00000000d5d80000)
  from space 2560K, 83% used [0x00000000d5d80000,0x00000000d5f98710,0x00000000d6000000)
  to   space 2560K, 0% used [0x00000000d6000000,0x00000000d6000000,0x00000000d6280000)
 ParOldGen       total 375296K, used 375099K [0x0000000080000000, 0x0000000096e80000, 0x00000000d5580000)
  object space 375296K, 99% used [0x0000000080000000,0x0000000096e4ee80,0x0000000096e80000)
 Metaspace       used 102427K, committed 104192K, reserved 1179648K
  class space    used 9836K, committed 10688K, reserved 1048576K
}
Event: 108534.985 GC heap after
{Heap after GC invocations=18029 (full 12):
 PSYoungGen      total 9728K, used 1057K [0x00000000d5580000, 0x00000000d6180000, 0x0000000100000000)
  eden space 8192K, 0% used [0x00000000d5580000,0x00000000d5580000,0x00000000d5d80000)
  from space 1536K, 68% used [0x00000000d6000000,0x00000000d61086f0,0x00000000d6180000)
  to   space 1536K, 0% used [0x00000000d5e80000,0x00000000d5e80000,0x00000000d6000000)
 ParOldGen       total 375808K, used 375475K [0x0000000080000000, 0x0000000096f00000, 0x00000000d5580000)
  object space 375808K, 99% used [0x0000000080000000,0x0000000096eacea0,0x0000000096f00000)
 Metaspace       used 102427K, committed 104192K, reserved 1179648K
  class space    used 9836K, committed 10688K, reserved 1048576K
}
Event: 109058.742 GC heap before
{Heap before GC invocations=18030 (full 12):
 PSYoungGen      total 9728K, used 9249K [0x00000000d5580000, 0x00000000d6180000, 0x0000000100000000)
  eden space 8192K, 100% used [0x00000000d5580000,0x00000000d5d80000,0x00000000d5d80000)
  from space 1536K, 68% used [0x00000000d6000000,0x00000000d61086f0,0x00000000d6180000)
  to   space 1536K, 0% used [0x00000000d5e80000,0x00000000d5e80000,0x00000000d6000000)
 ParOldGen       total 375808K, used 375475K [0x0000000080000000, 0x0000000096f00000, 0x00000000d5580000)
  object space 375808K, 99% used [0x0000000080000000,0x0000000096eacea0,0x0000000096f00000)
 Metaspace       used 102427K, committed 104192K, reserved 1179648K
  class space    used 9836K, committed 10688K, reserved 1048576K
}
Event: 109058.744 GC heap after
{Heap after GC invocations=18030 (full 12):
 PSYoungGen      total 8704K, used 480K [0x00000000d5580000, 0x00000000d6080000, 0x0000000100000000)
  eden space 8192K, 0% used [0x00000000d5580000,0x00000000d5580000,0x00000000d5d80000)
  from space 512K, 93% used [0x00000000d5e80000,0x00000000d5ef8020,0x00000000d5f00000)
  to   space 1024K, 0% used [0x00000000d5f80000,0x00000000d5f80000,0x00000000d6080000)
 ParOldGen       total 375808K, used 375531K [0x0000000080000000, 0x0000000096f00000, 0x00000000d5580000)
  object space 375808K, 99% used [0x0000000080000000,0x0000000096ebaea0,0x0000000096f00000)
 Metaspace       used 102427K, committed 104192K, reserved 1179648K
  class space    used 9836K, committed 10688K, reserved 1048576K
}
Event: 109185.426 GC heap before
{Heap before GC invocations=18031 (full 12):
 PSYoungGen      total 8704K, used 8672K [0x00000000d5580000, 0x00000000d6080000, 0x0000000100000000)
  eden space 8192K, 100% used [0x00000000d5580000,0x00000000d5d80000,0x00000000d5d80000)
  from space 512K, 93% used [0x00000000d5e80000,0x00000000d5ef8020,0x00000000d5f00000)
  to   space 1024K, 0% used [0x00000000d5f80000,0x00000000d5f80000,0x00000000d6080000)
 ParOldGen       total 375808K, used 375531K [0x0000000080000000, 0x0000000096f00000, 0x00000000d5580000)
  object space 375808K, 99% used [0x0000000080000000,0x0000000096ebaea0,0x0000000096f00000)
 Metaspace       used 102434K, committed 104192K, reserved 1179648K
  class space    used 9838K, committed 10688K, reserved 1048576K
}
Event: 109185.428 GC heap after
{Heap after GC invocations=18031 (full 12):
 PSYoungGen      total 9216K, used 1018K [0x00000000d5580000, 0x00000000d6080000, 0x0000000100000000)
  eden space 8192K, 0% used [0x00000000d5580000,0x00000000d5580000,0x00000000d5d80000)
  from space 1024K, 99% used [0x00000000d5f80000,0x00000000d607eb20,0x00000000d6080000)
  to   space 1536K, 0% used [0x00000000d5d80000,0x00000000d5d80000,0x00000000d5f00000)
 ParOldGen       total 376320K, used 375819K [0x0000000080000000, 0x0000000096f80000, 0x00000000d5580000)
  object space 376320K, 99% used [0x0000000080000000,0x0000000096f02ea0,0x0000000096f80000)
 Metaspace       used 102434K, committed 104192K, reserved 1179648K
  class space    used 9838K, committed 10688K, reserved 1048576K
}

